<?xml version="1.0" encoding="UTF-8"?>
<!-- Generated by org.testng.reporters.JUnitReportReporter -->
<testsuite skipped="0" hostname="DESKTOP-TU9VSIP" name="com.qa.test.logintest" tests="1" failures="0" timestamp="15 May 2020 02:11:40 GMT" time="0.039" errors="0">
  <testcase name="test1" time="0.039" classname="com.qa.test.logintest"/>
</testsuite> <!-- com.qa.test.logintest -->
